Using pre-set license

 COMMAND LINE ARGUMENTS:
/Applications/Unity/Hub/Editor/2021.1.5f1/Unity.app/Contents/MacOS/Unity
-adb2
-batchMode
-noUpm
-name
AssetImportWorker0
-projectPath
/Users/ryanscully/Dropbox/My Mac (Timothys-MacBook-Pro.local)/Desktop/TRIJAM/156/TeaTime
-logFile
Logs/AssetImportWorker0.log
-srvPort
58765
Successfully changed project path to: /Users/ryanscully/Dropbox/My Mac (Timothys-MacBook-Pro.local)/Desktop/TRIJAM/156/TeaTime
/Users/ryanscully/Dropbox/My Mac (Timothys-MacBook-Pro.local)/Desktop/TRIJAM/156/TeaTime
Using Asset Import Pipeline V2.
Refreshing native plugins compatible for Editor in 66.38 ms, found 3 plugins.
Preloading 0 native plugins for Editor in 0.00 ms.
Initialize engine version: 2021.1.5f1 (3737af19df53)
[Subsystems] Discovering subsystems at path /Applications/Unity/Hub/Editor/2021.1.5f1/Unity.app/Contents/Resources/UnitySubsystems
[Subsystems] Discovering subsystems at path /Users/ryanscully/Dropbox/My Mac (Timothys-MacBook-Pro.local)/Desktop/TRIJAM/156/TeaTime/Assets
GfxDevice: creating device client; threaded=0; jobified=0
2022-02-13 07:25:46.044 Unity[5255:136531] Color LCD preferred device: NVIDIA GeForce GT 650M (high power)
2022-02-13 07:25:46.044 Unity[5255:136531] Metal devices available: 2
2022-02-13 07:25:46.044 Unity[5255:136531] 0: NVIDIA GeForce GT 650M (high power)
2022-02-13 07:25:46.044 Unity[5255:136531] 1: Intel HD Graphics 4000 (low power)
2022-02-13 07:25:46.045 Unity[5255:136531] Using device NVIDIA GeForce GT 650M (high power)
Initializing Metal device caps: NVIDIA GeForce GT 650M
Initialize mono
Mono path[0] = '/Applications/Unity/Hub/Editor/2021.1.5f1/Unity.app/Contents/Managed'
Mono path[1] = '/Applications/Unity/Hub/Editor/2021.1.5f1/Unity.app/Contents/MonoBleedingEdge/lib/mono/unityjit'
Mono config path = '/Applications/Unity/Hub/Editor/2021.1.5f1/Unity.app/Contents/MonoBleedingEdge/etc'
Using monoOptions --debugger-agent=transport=dt_socket,embedding=1,server=y,suspend=n,address=127.0.0.1:56255
Begin MonoManager ReloadAssembly
Error scanning for extension ivy.xml files: System.UnauthorizedAccessException: Access to the path '/Applications/Unity/Hub/Editor/2021.1.5f1/PlaybackEngines/WebGLSupport/BuildTools/Emscripten_Mac/node' is denied.
  at System.IO.__Error.WinIOError (System.Int32 errorCode, System.String maybeFullPath) [0x00129] in <695d1cc93cca45069c528c15c9fdd749>:0 
  at System.IO.FileSystemEnumerableIterator`1[TSource].HandleError (System.Int32 hr, System.String path) [0x00006] in <695d1cc93cca45069c528c15c9fdd749>:0 
  at System.IO.FileSystemEnumerableIterator`1[TSource].AddSearchableDirsToStack (System.IO.Directory+SearchData localSearchData) [0x00053] in <695d1cc93cca45069c528c15c9fdd749>:0 
  at System.IO.FileSystemEnumerableIterator`1[TSource].MoveNext () [0x0008e] in <695d1cc93cca45069c528c15c9fdd749>:0 
  at System.Collections.Generic.List`1[T]..ctor (System.Collections.Generic.IEnumerable`1[T] collection) [0x00077] in <695d1cc93cca45069c528c15c9fdd749>:0 
  at System.IO.Directory.InternalGetFileDirectoryNames (System.String path, System.String userPathOriginal, System.String searchPattern, System.Boolean includeFiles, System.Boolean includeDirs, System.IO.SearchOption searchOption, System.Boolean checkHost) [0x0000f] in <695d1cc93cca45069c528c15c9fdd749>:0 
  at System.IO.Directory.InternalGetFiles (System.String path, System.String searchPattern, System.IO.SearchOption searchOption) [0x00000] in <695d1cc93cca45069c528c15c9fdd749>:0 
  at System.IO.Directory.GetFiles (System.String path, System.String searchPattern, System.IO.SearchOption searchOption) [0x00038] in <695d1cc93cca45069c528c15c9fdd749>:0 
  at UnityEditor.Modules.ModuleManager.LoadLegacyExtensionsFromIvyFiles () [0x000a5] in /Users/bokken/buildslave/unity/build/Editor/Mono/Modules/ModuleManager.cs:253 
Registering precompiled unity dll's ...
Register platform support module: /Applications/Unity/Hub/Editor/2021.1.5f1/PlaybackEngines/WebGLSupport/UnityEditor.WebGL.Extensions.dll
Register platform support module: /Applications/Unity/Hub/Editor/2021.1.5f1/Unity.app/Contents/PlaybackEngines/MacStandaloneSupport/UnityEditor.OSXStandalone.Extensions.dll
Register platform support module: /Applications/Unity/Hub/Editor/2021.1.5f1/PlaybackEngines/WindowsStandaloneSupport/UnityEditor.WindowsStandalone.Extensions.dll
Register platform support module: /Applications/Unity/Hub/Editor/2021.1.5f1/PlaybackEngines/LinuxStandaloneSupport/UnityEditor.LinuxStandalone.Extensions.dll
Registered in 0.003691 seconds.
Native extension for LinuxStandalone target not found
Native extension for WindowsStandalone target not found
Native extension for OSXStandalone target not found
Native extension for WebGL target not found
Refreshing native plugins compatible for Editor in 57.59 ms, found 3 plugins.
Preloading 0 native plugins for Editor in 0.00 ms.
Mono: successfully reloaded assembly
- Completed reload, in 10.534 seconds
Platform modules already initialized, skipping
Registering precompiled user dll's ...
Registered in 0.004317 seconds.
Begin MonoManager ReloadAssembly
Native extension for LinuxStandalone target not found
Native extension for WindowsStandalone target not found
Native extension for OSXStandalone target not found
Native extension for WebGL target not found
Refreshing native plugins compatible for Editor in 56.65 ms, found 3 plugins.
Preloading 0 native plugins for Editor in 0.00 ms.
Mono: successfully reloaded assembly
- Completed reload, in  1.884 seconds
Platform modules already initialized, skipping
========================================================================
Worker process is ready to serve import requests
Launching external process: /Applications/Unity/Hub/Editor/2021.1.5f1/Unity.app/Contents/Tools/UnityShaderCompiler
Launched and connected shader compiler UnityShaderCompiler after 0.05 seconds
Refreshing native plugins compatible for Editor in 0.56 ms, found 3 plugins.
Preloading 0 native plugins for Editor in 0.00 ms.
Unloading 2117 Unused Serialized files (Serialized files now loaded: 0)
System memory in use before: 181.0 MB.
System memory in use after: 181.1 MB.

Unloading 26 unused Assets to reduce memory usage. Loaded Objects now: 2571.
Total: 3.883603 ms (FindLiveObjects: 0.278564 ms CreateObjectMapping: 0.150697 ms MarkObjects: 3.360191 ms  DeleteObjects: 0.092187 ms)

========================================================================
Received Prepare
Refreshing native plugins compatible for Editor in 6.81 ms, found 3 plugins.
Preloading 0 native plugins for Editor in 0.00 ms.
Unloading 12 Unused Serialized files (Serialized files now loaded: 0)
System memory in use before: 138.0 MB.
System memory in use after: 138.1 MB.

Unloading 12 unused Assets to reduce memory usage. Loaded Objects now: 2571.
Total: 4.734566 ms (FindLiveObjects: 0.358394 ms CreateObjectMapping: 0.241243 ms MarkObjects: 4.112364 ms  DeleteObjects: 0.020620 ms)

========================================================================
Received Import Request.
  path: Assets/Scenes/MainScene 1.unity
  artifactKey: Guid(4425546ab63af4a7092edb049ec8e720) Importer(815301076,1909f56bfc062723c751e8b465ee728b)
Start importing Assets/Scenes/MainScene 1.unity using Guid(4425546ab63af4a7092edb049ec8e720) Importer(815301076,1909f56bfc062723c751e8b465ee728b)  -> (artifact id: 'ff99e19224329eea650ce452cb91947c') in 0.021523 seconds 
========================================================================
Received Import Request.
  Time since last request: 5.036958 seconds.
  path: Assets/Scenes/MainScene 2.unity
  artifactKey: Guid(11123c0aaa2e84bcaa19ee7ca1a02b86) Importer(815301076,1909f56bfc062723c751e8b465ee728b)
Start importing Assets/Scenes/MainScene 2.unity using Guid(11123c0aaa2e84bcaa19ee7ca1a02b86) Importer(815301076,1909f56bfc062723c751e8b465ee728b)  -> (artifact id: '4a11650c33dd476c60aba4956376648a') in 0.004322 seconds 
========================================================================
Received Import Request.
  Time since last request: 19.056394 seconds.
  path: Assets/Scenes/Title.unity
  artifactKey: Guid(4425546ab63af4a7092edb049ec8e720) Importer(815301076,1909f56bfc062723c751e8b465ee728b)
Start importing Assets/Scenes/Title.unity using Guid(4425546ab63af4a7092edb049ec8e720) Importer(815301076,1909f56bfc062723c751e8b465ee728b)  -> (artifact id: 'ea76dd7a1c9687768fb65438aebbdfce') in 0.002017 seconds 
========================================================================
Received Import Request.
  Time since last request: 21.923426 seconds.
  path: Assets/Scenes/Game Over.unity
  artifactKey: Guid(11123c0aaa2e84bcaa19ee7ca1a02b86) Importer(815301076,1909f56bfc062723c751e8b465ee728b)
Start importing Assets/Scenes/Game Over.unity using Guid(11123c0aaa2e84bcaa19ee7ca1a02b86) Importer(815301076,1909f56bfc062723c751e8b465ee728b)  -> (artifact id: '199f78617ccef755fab5f0adb3976a98') in 0.002308 seconds 
========================================================================
Received Import Request.
  Time since last request: 3.364219 seconds.
  path: Assets/Scenes/MainScene.unity
  artifactKey: Guid(b8e0a09dcfefb854d82ada88bf1aaed8) Importer(815301076,1909f56bfc062723c751e8b465ee728b)
Start importing Assets/Scenes/MainScene.unity using Guid(b8e0a09dcfefb854d82ada88bf1aaed8) Importer(815301076,1909f56bfc062723c751e8b465ee728b)  -> (artifact id: '97bbd5a32a715324ae69f9732482efc9') in 0.004824 seconds 
